<?xml version="1.0" encoding="UTF-8"?>
<testng-results total="2" passed="2" failed="0" skipped="0">
  <reporter-output>
  </reporter-output>
  <suite started-at="2021-08-16T15:29:19Z" name="com.ardublock.MainTest" finished-at="2021-08-16T15:29:19Z" duration-ms="27">
    <groups>
    </groups>
    <test started-at="2021-08-16T15:29:19Z" name="Command line test" finished-at="2021-08-16T15:29:19Z" duration-ms="27">
      <class name="com.ardublock.MainTest">
        <test-method is-config="true" signature="setUp()[pri:0, instance:com.ardublock.MainTest@704a52ec]" started-at="2021-08-16T15:29:19Z" name="setUp" finished-at="2021-08-16T15:29:19Z" duration-ms="17" status="PASS">
        </test-method>
        <test-method signature="testFiles()[pri:0, instance:com.ardublock.MainTest@704a52ec]" started-at="2021-08-16T15:29:19Z" name="testFiles" finished-at="2021-08-16T15:29:19Z" duration-ms="1" status="PASS">
        </test-method>
        <test-method signature="testSingleLoop()[pri:0, instance:com.ardublock.MainTest@704a52ec]" started-at="2021-08-16T15:29:19Z" name="testSingleLoop" finished-at="2021-08-16T15:29:19Z" duration-ms="0" status="PASS">
        </test-method>
      </class>
    </test>
  </suite>
</testng-results>
